<?xml version="1.0" encoding="UTF-8"?>
<!-- Generated by org.testng.reporters.JUnitXMLReporter -->
<testsuite ignored="0" hostname="LAPTOP-DU8MFKQO" failures="1" tests="1" name="ErrorValidationTest Test" time="7.969" errors="0" timestamp="2024-03-17T13:31:34 IST">
  <testcase classname="SrishtiPackage.Tests.ErrorValidationTest" name="errorValidationLoginPage" time="0.649">
    <failure type="java.lang.AssertionError" message="expected [Incorrect email or password.] but found [Incorrect email or password.ghg]">
      <![CDATA[java.lang.AssertionError: expected [Incorrect email or password.] but found [Incorrect email or password.ghg]
at SrishtiPackage.Tests.ErrorValidationTest.errorValidationLoginPage(ErrorValidationTest.java:35)
at java.base/java.util.ArrayList.forEach(ArrayList.java:1511)
at java.base/java.util.concurrent.FutureTask.run(FutureTask.java:264)
at java.base/java.util.concurrent.ThreadPoolExecutor.runWorker(ThreadPoolExecutor.java:1136)
at java.base/java.util.concurrent.ThreadPoolExecutor$Worker.run(ThreadPoolExecutor.java:635)
at java.base/java.lang.Thread.run(Thread.java:840)
... Removed 23 stack frames]]>
    </failure>
  </testcase> <!-- errorValidationLoginPage -->
</testsuite> <!-- ErrorValidationTest Test -->
