<?xml version="1.0" encoding="UTF-8"?>
<!-- Generated by org.testng.reporters.JUnitXMLReporter -->
<testsuite ignored="1" hostname="LAPTOP-DU8MFKQO" failures="0" tests="2" name="SubmitOrderUsingExternalJsonFile Test" time="21.497" errors="0" timestamp="2024-03-16T14:16:08 IST">
  <testcase classname="SrishtiPackage.Tests.SubmitOrderUsingExternalJsonFile" name="submitOrder" time="9.404"/>
  <testcase classname="SrishtiPackage.Tests.SubmitOrderUsingExternalJsonFile" name="submitOrder" time="3.226"/>
  <testcase classname="SrishtiPackage.Tests.SubmitOrderUsingExternalJsonFile" name="checkOrderInOrders" time="0.0">
    <ignored/>
  </testcase> <!-- checkOrderInOrders -->
</testsuite> <!-- SubmitOrderUsingExternalJsonFile Test -->
