<?xml version="1.0" encoding="UTF-8"?>
<!-- Generated by org.testng.reporters.JUnitXMLReporter -->
<testsuite ignored="1" hostname="LAPTOP-DU8MFKQO" failures="0" tests="2" name="SubmitOrderUsingHashMap Test" time="28.081" errors="0" timestamp="2024-03-16T13:01:10 IST">
  <testcase classname="SrishtiPackage.Tests.SubmitOrderUsingHashMap" name="submitOrder" time="10.14"/>
  <testcase classname="SrishtiPackage.Tests.SubmitOrderUsingHashMap" name="submitOrder" time="10.09"/>
  <testcase classname="SrishtiPackage.Tests.SubmitOrderUsingHashMap" name="checkOrderInOrders" time="0.0">
    <ignored/>
  </testcase> <!-- checkOrderInOrders -->
</testsuite> <!-- SubmitOrderUsingHashMap Test -->
