<?xml version="1.0" encoding="UTF-8"?>
<!-- Generated by org.testng.reporters.JUnitXMLReporter -->
<testsuite ignored="0" hostname="LAPTOP-DU8MFKQO" failures="0" tests="3" name="SubmitOrder Test" time="31.058" errors="0" timestamp="2024-03-17T13:31:56 IST">
  <testcase classname="SrishtiPackage.Tests.SubmitOrderTest" name="checkOrderInOrders" time="1.253"/>
  <testcase classname="SrishtiPackage.Tests.SubmitOrderTest" name="submitOrder" time="9.639"/>
  <testcase classname="SrishtiPackage.Tests.SubmitOrderTest" name="submitOrder" time="9.998"/>
</testsuite> <!-- SubmitOrder Test -->
